[2018-11-01 14:52:20] style(component): improve performance
[2018-11-02 15:48:14] perf(config): update API endpoint
[2018-11-04 16:22:29] refactor(api): update configuration
[2018-11-05 17:05:35] docs(config): update configuration
[2018-11-07 20:28:01] chore(auth): add validation
[2018-11-07 10:35:48] chore(auth): update styles
[2018-11-08 21:51:35] refactor(component): remove deprecated code
[2018-11-09 10:26:53] feat(config): improve performance
[2018-11-11 15:20:37] test(core): add new feature
[2018-11-11 15:53:13] refactor(auth): improve error handling
[2018-11-11 14:23:58] fix(component): improve performance
[2018-11-12 15:55:34] fix(service): add unit tests
[2018-11-13 15:50:08] perf(auth): add validation
[2018-11-14 09:12:19] style(service): optimize algorithm
[2018-11-15 14:01:14] chore(component): fix edge case
[2018-11-16 21:54:19] fix(auth): improve error handling
[2018-11-17 14:14:38] fix(ui): updte API endpoint
[2018-11-19 16:39:25] chore(core): updaet dependencies
[2018-11-20 11:04:34] refactor(utils): fix memory leak
[2018-11-20 20:59:38] chore(service): fix edge case
[2018-11-21 17:48:23] fix(component): improve performance
[2018-11-21 14:31:50] fix(core): optimize algorithm
